{
"/Users/marcoscabbiolo/Proyects/yeoman/yo/lib/cli.js":{"path":"/Users/marcoscabbiolo/Proyects/yeoman/yo/lib/cli.js","s":{"1":1,"2":1,"3":1,"4":1,"5":1,"6":1,"7":1,"8":1,"9":1,"10":1,"11":1,"12":1,"13":1,"14":1,"15":1,"16":1,"17":1,"18":1,"19":1,"20":1,"21":1,"22":0,"23":0,"24":0,"25":1,"26":1,"27":1,"28":1,"29":1,"30":1,"31":1,"32":1,"33":0,"34":0,"35":0,"36":1,"37":1,"38":0,"39":0,"40":1,"41":0,"42":1,"43":0,"44":0,"45":1,"46":1,"47":1,"48":0,"49":0,"50":0,"51":0,"52":0,"53":0,"54":0,"55":1,"56":1,"57":0,"58":0,"59":0,"60":0,"61":1,"62":1,"63":1,"64":1,"65":1,"66":1,"67":1,"68":1,"69":1,"70":0,"71":0,"72":1,"73":0,"74":0,"75":0,"76":0,"77":0,"78":0,"79":1,"80":0,"81":0,"82":0,"83":0,"84":0,"85":0,"86":1,"87":1,"88":1,"89":0,"90":0,"91":0,"92":0,"93":0,"94":0,"95":0,"96":0,"97":0,"98":0,"99":0,"100":0,"101":1,"102":1,"103":1,"104":0,"105":1,"106":0,"107":1,"108":0,"109":0,"110":0,"111":1,"112":1,"113":1,"114":1},"b":{"1":[1,0],"2":[0,1],"3":[0,1],"4":[0,1],"5":[0,1],"6":[1,1],"7":[0,0],"8":[0,0],"9":[1,0],"10":[0,1],"11":[1,1],"12":[0,1],"13":[0,1],"14":[0,0],"15":[0,1],"16":[0,1],"17":[0,1],"18":[0,1],"19":[1,1],"20":[1,0]},"f":{"1":1,"2":1,"3":1,"4":1,"5":0},"fnMap":{"1":{"name":"updateCheck","line":51,"loc":{"start":{"line":51,"column":0},"end":{"line":51,"column":23}}},"2":{"name":"pre","line":62,"loc":{"start":{"line":62,"column":0},"end":{"line":62,"column":15}}},"3":{"name":"createGeneratorList","line":82,"loc":{"start":{"line":82,"column":0},"end":{"line":82,"column":34}}},"4":{"name":"init","line":110,"loc":{"start":{"line":110,"column":0},"end":{"line":110,"column":16}}},"5":{"name":"runYo","line":164,"loc":{"start":{"line":164,"column":0},"end":{"line":164,"column":20}}}},"statementMap":{"1":{"start":{"line":3,"column":0},"end":{"line":3,"column":25}},"2":{"start":{"line":4,"column":0},"end":{"line":4,"column":29}},"3":{"start":{"line":5,"column":0},"end":{"line":5,"column":31}},"4":{"start":{"line":6,"column":0},"end":{"line":6,"column":50}},"5":{"start":{"line":7,"column":0},"end":{"line":7,"column":35}},"6":{"start":{"line":8,"column":0},"end":{"line":8,"column":31}},"7":{"start":{"line":9,"column":0},"end":{"line":9,"column":46}},"8":{"start":{"line":10,"column":0},"end":{"line":10,"column":40}},"9":{"start":{"line":11,"column":0},"end":{"line":11,"column":29}},"10":{"start":{"line":12,"column":0},"end":{"line":12,"column":33}},"11":{"start":{"line":13,"column":0},"end":{"line":13,"column":33}},"12":{"start":{"line":14,"column":0},"end":{"line":14,"column":39}},"13":{"start":{"line":15,"column":0},"end":{"line":15,"column":35}},"14":{"start":{"line":17,"column":0},"end":{"line":17,"column":41}},"15":{"start":{"line":20,"column":0},"end":{"line":20,"column":41}},"16":{"start":{"line":23,"column":0},"end":{"line":26,"column":3}},"17":{"start":{"line":28,"column":0},"end":{"line":41,"column":3}},"18":{"start":{"line":29,"column":2},"end":{"line":29,"column":54}},"19":{"start":{"line":30,"column":2},"end":{"line":30,"column":29}},"20":{"start":{"line":31,"column":2},"end":{"line":31,"column":29}},"21":{"start":{"line":35,"column":2},"end":{"line":38,"column":3}},"22":{"start":{"line":36,"column":4},"end":{"line":36,"column":72}},"23":{"start":{"line":36,"column":49},"end":{"line":36,"column":70}},"24":{"start":{"line":37,"column":4},"end":{"line":37,"column":32}},"25":{"start":{"line":40,"column":2},"end":{"line":40,"column":22}},"26":{"start":{"line":43,"column":0},"end":{"line":43,"column":48}},"27":{"start":{"line":44,"column":0},"end":{"line":44,"column":29}},"28":{"start":{"line":46,"column":0},"end":{"line":49,"column":3}},"29":{"start":{"line":51,"column":0},"end":{"line":60,"column":1}},"30":{"start":{"line":52,"column":2},"end":{"line":52,"column":41}},"31":{"start":{"line":53,"column":2},"end":{"line":53,"column":21}},"32":{"start":{"line":55,"column":2},"end":{"line":59,"column":3}},"33":{"start":{"line":56,"column":4},"end":{"line":56,"column":142}},"34":{"start":{"line":57,"column":4},"end":{"line":57,"column":87}},"35":{"start":{"line":58,"column":4},"end":{"line":58,"column":81}},"36":{"start":{"line":62,"column":0},"end":{"line":80,"column":1}},"37":{"start":{"line":64,"column":2},"end":{"line":67,"column":3}},"38":{"start":{"line":65,"column":4},"end":{"line":65,"column":31}},"39":{"start":{"line":66,"column":4},"end":{"line":66,"column":11}},"40":{"start":{"line":69,"column":2},"end":{"line":71,"column":3}},"41":{"start":{"line":70,"column":4},"end":{"line":70,"column":28}},"42":{"start":{"line":74,"column":2},"end":{"line":77,"column":3}},"43":{"start":{"line":75,"column":4},"end":{"line":75,"column":45}},"44":{"start":{"line":76,"column":4},"end":{"line":76,"column":11}},"45":{"start":{"line":79,"column":2},"end":{"line":79,"column":9}},"46":{"start":{"line":82,"column":0},"end":{"line":108,"column":1}},"47":{"start":{"line":83,"column":2},"end":{"line":98,"column":9}},"48":{"start":{"line":84,"column":4},"end":{"line":84,"column":39}},"49":{"start":{"line":85,"column":4},"end":{"line":85,"column":40}},"50":{"start":{"line":88,"column":4},"end":{"line":90,"column":5}},"51":{"start":{"line":89,"column":6},"end":{"line":89,"column":43}},"52":{"start":{"line":93,"column":4},"end":{"line":95,"column":5}},"53":{"start":{"line":94,"column":6},"end":{"line":94,"column":60}},"54":{"start":{"line":97,"column":4},"end":{"line":97,"column":28}},"55":{"start":{"line":100,"column":2},"end":{"line":102,"column":3}},"56":{"start":{"line":101,"column":4},"end":{"line":101,"column":115}},"57":{"start":{"line":104,"column":2},"end":{"line":107,"column":16}},"58":{"start":{"line":105,"column":4},"end":{"line":105,"column":102}},"59":{"start":{"line":105,"column":68},"end":{"line":105,"column":89}},"60":{"start":{"line":106,"column":4},"end":{"line":106,"column":46}},"61":{"start":{"line":110,"column":0},"end":{"line":162,"column":1}},"62":{"start":{"line":111,"column":2},"end":{"line":111,"column":56}},"63":{"start":{"line":113,"column":2},"end":{"line":117,"column":5}},"64":{"start":{"line":114,"column":4},"end":{"line":114,"column":66}},"65":{"start":{"line":115,"column":4},"end":{"line":115,"column":65}},"66":{"start":{"line":116,"column":4},"end":{"line":116,"column":32}},"67":{"start":{"line":120,"column":2},"end":{"line":161,"column":5}},"68":{"start":{"line":121,"column":4},"end":{"line":121,"column":51}},"69":{"start":{"line":124,"column":4},"end":{"line":127,"column":5}},"70":{"start":{"line":125,"column":6},"end":{"line":125,"column":63}},"71":{"start":{"line":126,"column":6},"end":{"line":126,"column":13}},"72":{"start":{"line":130,"column":4},"end":{"line":139,"column":5}},"73":{"start":{"line":131,"column":6},"end":{"line":135,"column":7}},"74":{"start":{"line":132,"column":8},"end":{"line":132,"column":85}},"75":{"start":{"line":133,"column":8},"end":{"line":133,"column":79}},"76":{"start":{"line":134,"column":8},"end":{"line":134,"column":15}},"77":{"start":{"line":137,"column":6},"end":{"line":137,"column":17}},"78":{"start":{"line":138,"column":6},"end":{"line":138,"column":13}},"79":{"start":{"line":143,"column":4},"end":{"line":153,"column":5}},"80":{"start":{"line":144,"column":6},"end":{"line":144,"column":58}},"81":{"start":{"line":145,"column":6},"end":{"line":145,"column":67}},"82":{"start":{"line":147,"column":6},"end":{"line":147,"column":90}},"83":{"start":{"line":148,"column":6},"end":{"line":148,"column":71}},"84":{"start":{"line":150,"column":6},"end":{"line":150,"column":44}},"85":{"start":{"line":152,"column":6},"end":{"line":152,"column":13}},"86":{"start":{"line":158,"column":4},"end":{"line":160,"column":5}},"87":{"start":{"line":159,"column":6},"end":{"line":159,"column":34}},"88":{"start":{"line":164,"column":0},"end":{"line":179,"column":1}},"89":{"start":{"line":165,"column":2},"end":{"line":165,"column":42}},"90":{"start":{"line":166,"column":2},"end":{"line":166,"column":39}},"91":{"start":{"line":167,"column":2},"end":{"line":167,"column":57}},"92":{"start":{"line":168,"column":2},"end":{"line":168,"column":61}},"93":{"start":{"line":169,"column":2},"end":{"line":169,"column":55}},"94":{"start":{"line":170,"column":2},"end":{"line":170,"column":63}},"95":{"start":{"line":171,"column":2},"end":{"line":171,"column":57}},"96":{"start":{"line":172,"column":2},"end":{"line":172,"column":72}},"97":{"start":{"line":173,"column":2},"end":{"line":173,"column":57}},"98":{"start":{"line":175,"column":2},"end":{"line":175,"column":61}},"99":{"start":{"line":177,"column":2},"end":{"line":177,"column":37}},"100":{"start":{"line":178,"column":2},"end":{"line":178,"column":26}},"101":{"start":{"line":181,"column":0},"end":{"line":181,"column":608}},"102":{"start":{"line":183,"column":0},"end":{"line":189,"column":91}},"103":{"start":{"line":191,"column":0},"end":{"line":195,"column":1}},"104":{"start":{"line":192,"column":2},"end":{"line":192,"column":37}},"105":{"start":{"line":193,"column":7},"end":{"line":195,"column":1}},"106":{"start":{"line":194,"column":2},"end":{"line":194,"column":38}},"107":{"start":{"line":197,"column":0},"end":{"line":209,"column":1}},"108":{"start":{"line":198,"column":2},"end":{"line":198,"column":48}},"109":{"start":{"line":199,"column":2},"end":{"line":199,"column":30}},"110":{"start":{"line":200,"column":2},"end":{"line":200,"column":41}},"111":{"start":{"line":202,"column":2},"end":{"line":205,"column":3}},"112":{"start":{"line":204,"column":4},"end":{"line":204,"column":48}},"113":{"start":{"line":207,"column":2},"end":{"line":207,"column":16}},"114":{"start":{"line":208,"column":2},"end":{"line":208,"column":8}}},"branchMap":{"1":{"line":43,"type":"binary-expr","locations":[{"start":{"line":43,"column":17},"end":{"line":43,"column":23}},{"start":{"line":43,"column":27},"end":{"line":43,"column":47}}]},"2":{"line":55,"type":"if","locations":[{"start":{"line":55,"column":2},"end":{"line":55,"column":2}},{"start":{"line":55,"column":2},"end":{"line":55,"column":2}}]},"3":{"line":64,"type":"if","locations":[{"start":{"line":64,"column":2},"end":{"line":64,"column":2}},{"start":{"line":64,"column":2},"end":{"line":64,"column":2}}]},"4":{"line":69,"type":"if","locations":[{"start":{"line":69,"column":2},"end":{"line":69,"column":2}},{"start":{"line":69,"column":2},"end":{"line":69,"column":2}}]},"5":{"line":74,"type":"if","locations":[{"start":{"line":74,"column":2},"end":{"line":74,"column":2}},{"start":{"line":74,"column":2},"end":{"line":74,"column":2}}]},"6":{"line":74,"type":"binary-expr","locations":[{"start":{"line":74,"column":6},"end":{"line":74,"column":22}},{"start":{"line":74,"column":26},"end":{"line":74,"column":38}}]},"7":{"line":88,"type":"if","locations":[{"start":{"line":88,"column":4},"end":{"line":88,"column":4}},{"start":{"line":88,"column":4},"end":{"line":88,"column":4}}]},"8":{"line":93,"type":"if","locations":[{"start":{"line":93,"column":4},"end":{"line":93,"column":4}},{"start":{"line":93,"column":4},"end":{"line":93,"column":4}}]},"9":{"line":100,"type":"if","locations":[{"start":{"line":100,"column":2},"end":{"line":100,"column":2}},{"start":{"line":100,"column":2},"end":{"line":100,"column":2}}]},"10":{"line":115,"type":"cond-expr","locations":[{"start":{"line":115,"column":40},"end":{"line":115,"column":49}},{"start":{"line":115,"column":52},"end":{"line":115,"column":63}}]},"11":{"line":116,"type":"binary-expr","locations":[{"start":{"line":116,"column":17},"end":{"line":116,"column":25}},{"start":{"line":116,"column":29},"end":{"line":116,"column":30}}]},"12":{"line":124,"type":"if","locations":[{"start":{"line":124,"column":4},"end":{"line":124,"column":4}},{"start":{"line":124,"column":4},"end":{"line":124,"column":4}}]},"13":{"line":130,"type":"if","locations":[{"start":{"line":130,"column":4},"end":{"line":130,"column":4}},{"start":{"line":130,"column":4},"end":{"line":130,"column":4}}]},"14":{"line":131,"type":"if","locations":[{"start":{"line":131,"column":6},"end":{"line":131,"column":6}},{"start":{"line":131,"column":6},"end":{"line":131,"column":6}}]},"15":{"line":143,"type":"if","locations":[{"start":{"line":143,"column":4},"end":{"line":143,"column":4}},{"start":{"line":143,"column":4},"end":{"line":143,"column":4}}]},"16":{"line":191,"type":"if","locations":[{"start":{"line":191,"column":0},"end":{"line":191,"column":0}},{"start":{"line":191,"column":0},"end":{"line":191,"column":0}}]},"17":{"line":193,"type":"if","locations":[{"start":{"line":193,"column":7},"end":{"line":193,"column":7}},{"start":{"line":193,"column":7},"end":{"line":193,"column":7}}]},"18":{"line":197,"type":"if","locations":[{"start":{"line":197,"column":0},"end":{"line":197,"column":0}},{"start":{"line":197,"column":0},"end":{"line":197,"column":0}}]},"19":{"line":197,"type":"binary-expr","locations":[{"start":{"line":197,"column":4},"end":{"line":197,"column":35}},{"start":{"line":197,"column":39},"end":{"line":197,"column":67}}]},"20":{"line":202,"type":"if","locations":[{"start":{"line":202,"column":2},"end":{"line":202,"column":2}},{"start":{"line":202,"column":2},"end":{"line":202,"column":2}}]}},"l":{"3":1,"4":1,"5":1,"6":1,"7":1,"8":1,"9":1,"10":1,"11":1,"12":1,"13":1,"14":1,"15":1,"17":1,"20":1,"23":1,"28":1,"29":1,"30":1,"31":1,"35":1,"36":0,"37":0,"40":1,"43":1,"44":1,"46":1,"51":1,"52":1,"53":1,"55":1,"56":0,"57":0,"58":0,"62":1,"64":1,"65":0,"66":0,"69":1,"70":0,"74":1,"75":0,"76":0,"79":1,"82":1,"83":1,"84":0,"85":0,"88":0,"89":0,"93":0,"94":0,"97":0,"100":1,"101":1,"104":0,"105":0,"106":0,"110":1,"111":1,"113":1,"114":1,"115":1,"116":1,"120":1,"121":1,"124":1,"125":0,"126":0,"130":1,"131":0,"132":0,"133":0,"134":0,"137":0,"138":0,"143":1,"144":0,"145":0,"147":0,"148":0,"150":0,"152":0,"158":1,"159":1,"164":1,"165":0,"166":0,"167":0,"168":0,"169":0,"170":0,"171":0,"172":0,"173":0,"175":0,"177":0,"178":0,"181":1,"183":1,"191":1,"192":0,"193":1,"194":0,"197":1,"198":0,"199":0,"200":0,"202":1,"204":1,"207":1,"208":1}},
"/Users/marcoscabbiolo/Proyects/yeoman/yo/lib/router.js":{"path":"/Users/marcoscabbiolo/Proyects/yeoman/yo/lib/router.js","s":{"1":2,"2":2,"3":2,"4":2,"5":2,"6":2,"7":2,"8":2,"9":28,"10":28,"11":28,"12":28,"13":28,"14":10,"15":9,"16":0,"17":65,"18":65,"19":3,"20":3,"21":12,"22":6,"23":6,"24":6,"25":0,"26":6,"27":6,"28":6,"29":6,"30":6,"31":0,"32":6,"33":3,"34":2},"b":{"1":[28,25],"2":[9,0],"3":[6,6],"4":[0,6],"5":[0,6],"6":[6,0]},"f":{"1":28,"2":10,"3":65,"4":3},"fnMap":{"1":{"name":"(anonymous_1)","line":19,"loc":{"start":{"line":19,"column":13},"end":{"line":19,"column":34}}},"2":{"name":"(anonymous_2)","line":34,"loc":{"start":{"line":34,"column":10},"end":{"line":34,"column":22}}},"3":{"name":"(anonymous_3)","line":47,"loc":{"start":{"line":47,"column":15},"end":{"line":47,"column":31}}},"4":{"name":"(anonymous_4)","line":56,"loc":{"start":{"line":56,"column":27},"end":{"line":56,"column":30}}}},"statementMap":{"1":{"start":{"line":2,"column":0},"end":{"line":2,"column":29}},"2":{"start":{"line":3,"column":0},"end":{"line":3,"column":28}},"3":{"start":{"line":4,"column":0},"end":{"line":4,"column":37}},"4":{"start":{"line":5,"column":0},"end":{"line":5,"column":50}},"5":{"start":{"line":6,"column":0},"end":{"line":6,"column":41}},"6":{"start":{"line":7,"column":0},"end":{"line":7,"column":50}},"7":{"start":{"line":8,"column":0},"end":{"line":8,"column":43}},"8":{"start":{"line":9,"column":0},"end":{"line":9,"column":56}},"9":{"start":{"line":20,"column":4},"end":{"line":20,"column":43}},"10":{"start":{"line":21,"column":4},"end":{"line":21,"column":21}},"11":{"start":{"line":22,"column":4},"end":{"line":22,"column":19}},"12":{"start":{"line":23,"column":4},"end":{"line":23,"column":27}},"13":{"start":{"line":24,"column":4},"end":{"line":26,"column":7}},"14":{"start":{"line":35,"column":4},"end":{"line":37,"column":5}},"15":{"start":{"line":36,"column":6},"end":{"line":36,"column":53}},"16":{"start":{"line":39,"column":4},"end":{"line":39,"column":49}},"17":{"start":{"line":48,"column":4},"end":{"line":48,"column":32}},"18":{"start":{"line":49,"column":4},"end":{"line":49,"column":16}},"19":{"start":{"line":57,"column":4},"end":{"line":57,"column":25}},"20":{"start":{"line":59,"column":4},"end":{"line":81,"column":6}},"21":{"start":{"line":61,"column":6},"end":{"line":63,"column":7}},"22":{"start":{"line":62,"column":8},"end":{"line":62,"column":15}},"23":{"start":{"line":65,"column":6},"end":{"line":65,"column":76}},"24":{"start":{"line":67,"column":6},"end":{"line":69,"column":7}},"25":{"start":{"line":68,"column":8},"end":{"line":68,"column":15}},"26":{"start":{"line":71,"column":6},"end":{"line":71,"column":42}},"27":{"start":{"line":72,"column":6},"end":{"line":72,"column":30}},"28":{"start":{"line":73,"column":6},"end":{"line":73,"column":86}},"29":{"start":{"line":74,"column":6},"end":{"line":74,"column":48}},"30":{"start":{"line":76,"column":6},"end":{"line":78,"column":7}},"31":{"start":{"line":77,"column":8},"end":{"line":77,"column":35}},"32":{"start":{"line":80,"column":6},"end":{"line":80,"column":38}},"33":{"start":{"line":83,"column":4},"end":{"line":83,"column":63}},"34":{"start":{"line":87,"column":0},"end":{"line":87,"column":24}}},"branchMap":{"1":{"line":24,"type":"binary-expr","locations":[{"start":{"line":24,"column":16},"end":{"line":24,"column":20}},{"start":{"line":24,"column":24},"end":{"line":26,"column":6}}]},"2":{"line":35,"type":"if","locations":[{"start":{"line":35,"column":4},"end":{"line":35,"column":4}},{"start":{"line":35,"column":4},"end":{"line":35,"column":4}}]},"3":{"line":61,"type":"if","locations":[{"start":{"line":61,"column":6},"end":{"line":61,"column":6}},{"start":{"line":61,"column":6},"end":{"line":61,"column":6}}]},"4":{"line":67,"type":"if","locations":[{"start":{"line":67,"column":6},"end":{"line":67,"column":6}},{"start":{"line":67,"column":6},"end":{"line":67,"column":6}}]},"5":{"line":76,"type":"if","locations":[{"start":{"line":76,"column":6},"end":{"line":76,"column":6}},{"start":{"line":76,"column":6},"end":{"line":76,"column":6}}]},"6":{"line":76,"type":"binary-expr","locations":[{"start":{"line":76,"column":10},"end":{"line":76,"column":20}},{"start":{"line":76,"column":24},"end":{"line":76,"column":57}}]}},"l":{"2":2,"3":2,"4":2,"5":2,"6":2,"7":2,"8":2,"9":2,"20":28,"21":28,"22":28,"23":28,"24":28,"35":10,"36":9,"39":0,"48":65,"49":65,"57":3,"59":3,"61":12,"62":6,"65":6,"67":6,"68":0,"71":6,"72":6,"73":6,"74":6,"76":6,"77":0,"80":6,"83":3,"87":2}},
"/Users/marcoscabbiolo/Proyects/yeoman/yo/lib/completion/completer.js":{"path":"/Users/marcoscabbiolo/Proyects/yeoman/yo/lib/completion/completer.js","s":{"1":1,"2":1,"3":1,"4":6,"5":2,"6":1,"7":1,"8":1,"9":0,"10":0,"11":1,"12":1,"13":1,"14":1,"15":1,"16":1,"17":1,"18":0,"19":0,"20":1,"21":1,"22":7,"23":7,"24":18,"25":18,"26":18,"27":18,"28":18,"29":18,"30":2,"31":2,"32":2,"33":11,"34":11,"35":2,"36":11,"37":11,"38":2,"39":2,"40":13,"41":2,"42":1},"b":{"1":[1,1],"2":[2,1],"3":[0,1],"4":[0,1],"5":[7,1],"6":[5,13],"7":[13,5],"8":[18,13],"9":[2,9],"10":[13,11]},"f":{"1":6,"2":2,"3":1,"4":7,"5":2},"fnMap":{"1":{"name":"(anonymous_1)","line":12,"loc":{"start":{"line":12,"column":13},"end":{"line":12,"column":19}}},"2":{"name":"(anonymous_2)","line":22,"loc":{"start":{"line":22,"column":10},"end":{"line":22,"column":23}}},"3":{"name":"(anonymous_3)","line":45,"loc":{"start":{"line":45,"column":11},"end":{"line":45,"column":24}}},"4":{"name":"(anonymous_4)","line":66,"loc":{"start":{"line":66,"column":6},"end":{"line":66,"column":21}}},"5":{"name":"(anonymous_5)","line":89,"loc":{"start":{"line":89,"column":11},"end":{"line":89,"column":23}}}},"statementMap":{"1":{"start":{"line":2,"column":0},"end":{"line":2,"column":29}},"2":{"start":{"line":3,"column":0},"end":{"line":3,"column":44}},"3":{"start":{"line":4,"column":0},"end":{"line":4,"column":40}},"4":{"start":{"line":13,"column":4},"end":{"line":13,"column":19}},"5":{"start":{"line":23,"column":4},"end":{"line":25,"column":5}},"6":{"start":{"line":24,"column":6},"end":{"line":24,"column":40}},"7":{"start":{"line":27,"column":4},"end":{"line":36,"column":7}},"8":{"start":{"line":28,"column":6},"end":{"line":31,"column":7}},"9":{"start":{"line":29,"column":8},"end":{"line":29,"column":18}},"10":{"start":{"line":30,"column":8},"end":{"line":30,"column":15}},"11":{"start":{"line":33,"column":6},"end":{"line":33,"column":48}},"12":{"start":{"line":34,"column":6},"end":{"line":34,"column":67}},"13":{"start":{"line":35,"column":6},"end":{"line":35,"column":26}},"14":{"start":{"line":46,"column":4},"end":{"line":46,"column":24}},"15":{"start":{"line":47,"column":4},"end":{"line":47,"column":53}},"16":{"start":{"line":49,"column":4},"end":{"line":57,"column":7}},"17":{"start":{"line":50,"column":6},"end":{"line":53,"column":7}},"18":{"start":{"line":51,"column":8},"end":{"line":51,"column":18}},"19":{"start":{"line":52,"column":8},"end":{"line":52,"column":15}},"20":{"start":{"line":55,"column":6},"end":{"line":55,"column":48}},"21":{"start":{"line":56,"column":6},"end":{"line":56,"column":26}},"22":{"start":{"line":67,"column":4},"end":{"line":67,"column":26}},"23":{"start":{"line":68,"column":4},"end":{"line":79,"column":6}},"24":{"start":{"line":69,"column":6},"end":{"line":69,"column":63}},"25":{"start":{"line":70,"column":6},"end":{"line":70,"column":84}},"26":{"start":{"line":71,"column":6},"end":{"line":71,"column":41}},"27":{"start":{"line":72,"column":6},"end":{"line":72,"column":38}},"28":{"start":{"line":73,"column":6},"end":{"line":73,"column":37}},"29":{"start":{"line":75,"column":6},"end":{"line":78,"column":8}},"30":{"start":{"line":90,"column":4},"end":{"line":90,"column":32}},"31":{"start":{"line":91,"column":4},"end":{"line":91,"column":21}},"32":{"start":{"line":93,"column":4},"end":{"line":103,"column":40}},"33":{"start":{"line":94,"column":6},"end":{"line":94,"column":35}},"34":{"start":{"line":96,"column":6},"end":{"line":98,"column":7}},"35":{"start":{"line":97,"column":8},"end":{"line":97,"column":64}},"36":{"start":{"line":100,"column":6},"end":{"line":100,"column":22}},"37":{"start":{"line":102,"column":6},"end":{"line":102,"column":18}},"38":{"start":{"line":105,"column":4},"end":{"line":105,"column":86}},"39":{"start":{"line":106,"column":4},"end":{"line":106,"column":74}},"40":{"start":{"line":106,"column":34},"end":{"line":106,"column":72}},"41":{"start":{"line":108,"column":4},"end":{"line":108,"column":19}},"42":{"start":{"line":112,"column":0},"end":{"line":112,"column":27}}},"branchMap":{"1":{"line":23,"type":"if","locations":[{"start":{"line":23,"column":4},"end":{"line":23,"column":4}},{"start":{"line":23,"column":4},"end":{"line":23,"column":4}}]},"2":{"line":23,"type":"binary-expr","locations":[{"start":{"line":23,"column":8},"end":{"line":23,"column":26}},{"start":{"line":23,"column":30},"end":{"line":23,"column":56}}]},"3":{"line":28,"type":"if","locations":[{"start":{"line":28,"column":6},"end":{"line":28,"column":6}},{"start":{"line":28,"column":6},"end":{"line":28,"column":6}}]},"4":{"line":50,"type":"if","locations":[{"start":{"line":50,"column":6},"end":{"line":50,"column":6}},{"start":{"line":50,"column":6},"end":{"line":50,"column":6}}]},"5":{"line":67,"type":"binary-expr","locations":[{"start":{"line":67,"column":13},"end":{"line":67,"column":19}},{"start":{"line":67,"column":23},"end":{"line":67,"column":25}}]},"6":{"line":69,"type":"cond-expr","locations":[{"start":{"line":69,"column":46},"end":{"line":69,"column":50}},{"start":{"line":69,"column":53},"end":{"line":69,"column":62}}]},"7":{"line":70,"type":"cond-expr","locations":[{"start":{"line":70,"column":60},"end":{"line":70,"column":76}},{"start":{"line":70,"column":79},"end":{"line":70,"column":83}}]},"8":{"line":70,"type":"binary-expr","locations":[{"start":{"line":70,"column":13},"end":{"line":70,"column":37}},{"start":{"line":70,"column":41},"end":{"line":70,"column":57}}]},"9":{"line":96,"type":"if","locations":[{"start":{"line":96,"column":6},"end":{"line":96,"column":6}},{"start":{"line":96,"column":6},"end":{"line":96,"column":6}}]},"10":{"line":106,"type":"binary-expr","locations":[{"start":{"line":106,"column":34},"end":{"line":106,"column":53}},{"start":{"line":106,"column":57},"end":{"line":106,"column":72}}]}},"l":{"2":1,"3":1,"4":1,"13":6,"23":2,"24":1,"27":1,"28":1,"29":0,"30":0,"33":1,"34":1,"35":1,"46":1,"47":1,"49":1,"50":1,"51":0,"52":0,"55":1,"56":1,"67":7,"68":7,"69":18,"70":18,"71":18,"72":18,"73":18,"75":18,"90":2,"91":2,"93":2,"94":11,"96":11,"97":2,"100":11,"102":11,"105":2,"106":13,"108":2,"112":1}},
"/Users/marcoscabbiolo/Proyects/yeoman/yo/lib/completion/index.js":{"path":"/Users/marcoscabbiolo/Proyects/yeoman/yo/lib/completion/index.js","s":{"1":1,"2":1,"3":1,"4":1,"5":1,"6":1,"7":1,"8":1},"b":{},"f":{},"fnMap":{},"statementMap":{"1":{"start":{"line":3,"column":0},"end":{"line":3,"column":54}},"2":{"start":{"line":4,"column":0},"end":{"line":7,"column":3}},"3":{"start":{"line":8,"column":0},"end":{"line":8,"column":41}},"4":{"start":{"line":10,"column":0},"end":{"line":10,"column":37}},"5":{"start":{"line":12,"column":0},"end":{"line":12,"column":29}},"6":{"start":{"line":16,"column":0},"end":{"line":16,"column":52}},"7":{"start":{"line":19,"column":0},"end":{"line":19,"column":15}},"8":{"start":{"line":21,"column":0},"end":{"line":21,"column":24}}},"branchMap":{},"l":{"3":1,"4":1,"8":1,"10":1,"12":1,"16":1,"19":1,"21":1}},
"/Users/marcoscabbiolo/Proyects/yeoman/yo/lib/routes/clear-config.js":{"path":"/Users/marcoscabbiolo/Proyects/yeoman/yo/lib/routes/clear-config.js","s":{"1":2,"2":2,"3":2,"4":2,"5":2,"6":2,"7":2,"8":2,"9":2,"10":4,"11":4,"12":4,"13":4,"14":4,"15":2,"16":2,"17":2,"18":2,"19":4,"20":4,"21":2,"22":2,"23":2,"24":2,"25":2,"26":2,"27":1,"28":1,"29":1,"30":1,"31":1,"32":0,"33":1,"34":1,"35":1},"b":{"1":[2,2],"2":[2,0],"3":[2,0],"4":[1,1],"5":[0,1]},"f":{"1":1},"fnMap":{"1":{"name":"_clearGeneratorConfig","line":74,"loc":{"start":{"line":74,"column":0},"end":{"line":74,"column":47}}}},"statementMap":{"1":{"start":{"line":2,"column":0},"end":{"line":2,"column":28}},"2":{"start":{"line":3,"column":0},"end":{"line":3,"column":31}},"3":{"start":{"line":4,"column":0},"end":{"line":4,"column":37}},"4":{"start":{"line":5,"column":0},"end":{"line":5,"column":56}},"5":{"start":{"line":6,"column":0},"end":{"line":6,"column":55}},"6":{"start":{"line":8,"column":0},"end":{"line":67,"column":2}},"7":{"start":{"line":9,"column":2},"end":{"line":9,"column":49}},"8":{"start":{"line":11,"column":2},"end":{"line":16,"column":4}},"9":{"start":{"line":18,"column":2},"end":{"line":39,"column":67}},"10":{"start":{"line":19,"column":4},"end":{"line":19,"column":24}},"11":{"start":{"line":20,"column":4},"end":{"line":20,"column":17}},"12":{"start":{"line":23,"column":4},"end":{"line":23,"column":35}},"13":{"start":{"line":24,"column":4},"end":{"line":24,"column":43}},"14":{"start":{"line":26,"column":4},"end":{"line":32,"column":5}},"15":{"start":{"line":27,"column":6},"end":{"line":27,"column":33}},"16":{"start":{"line":28,"column":6},"end":{"line":28,"column":91}},"17":{"start":{"line":30,"column":6},"end":{"line":30,"column":91}},"18":{"start":{"line":31,"column":6},"end":{"line":31,"column":15}},"19":{"start":{"line":34,"column":4},"end":{"line":38,"column":6}},"20":{"start":{"line":39,"column":39},"end":{"line":39,"column":57}},"21":{"start":{"line":41,"column":2},"end":{"line":47,"column":3}},"22":{"start":{"line":42,"column":4},"end":{"line":42,"column":49}},"23":{"start":{"line":43,"column":4},"end":{"line":46,"column":7}},"24":{"start":{"line":49,"column":2},"end":{"line":66,"column":5}},"25":{"start":{"line":58,"column":4},"end":{"line":58,"column":59}},"26":{"start":{"line":60,"column":4},"end":{"line":63,"column":5}},"27":{"start":{"line":61,"column":6},"end":{"line":61,"column":27}},"28":{"start":{"line":62,"column":6},"end":{"line":62,"column":13}},"29":{"start":{"line":65,"column":4},"end":{"line":65,"column":48}},"30":{"start":{"line":74,"column":0},"end":{"line":83,"column":1}},"31":{"start":{"line":75,"column":2},"end":{"line":79,"column":3}},"32":{"start":{"line":76,"column":4},"end":{"line":76,"column":29}},"33":{"start":{"line":78,"column":4},"end":{"line":78,"column":35}},"34":{"start":{"line":81,"column":2},"end":{"line":81,"column":61}},"35":{"start":{"line":82,"column":2},"end":{"line":82,"column":23}}},"branchMap":{"1":{"line":26,"type":"if","locations":[{"start":{"line":26,"column":4},"end":{"line":26,"column":4}},{"start":{"line":26,"column":4},"end":{"line":26,"column":4}}]},"2":{"line":28,"type":"binary-expr","locations":[{"start":{"line":28,"column":13},"end":{"line":28,"column":85}},{"start":{"line":28,"column":89},"end":{"line":28,"column":90}}]},"3":{"line":41,"type":"if","locations":[{"start":{"line":41,"column":2},"end":{"line":41,"column":2}},{"start":{"line":41,"column":2},"end":{"line":41,"column":2}}]},"4":{"line":60,"type":"if","locations":[{"start":{"line":60,"column":4},"end":{"line":60,"column":4}},{"start":{"line":60,"column":4},"end":{"line":60,"column":4}}]},"5":{"line":75,"type":"if","locations":[{"start":{"line":75,"column":2},"end":{"line":75,"column":2}},{"start":{"line":75,"column":2},"end":{"line":75,"column":2}}]}},"l":{"2":2,"3":2,"4":2,"5":2,"6":2,"8":2,"9":2,"11":2,"18":2,"19":4,"20":4,"23":4,"24":4,"26":4,"27":2,"28":2,"30":2,"31":2,"34":4,"39":4,"41":2,"42":2,"43":2,"49":2,"58":2,"60":2,"61":1,"62":1,"65":1,"74":1,"75":1,"76":0,"78":1,"81":1,"82":1}},
"/Users/marcoscabbiolo/Proyects/yeoman/yo/lib/routes/exit.js":{"path":"/Users/marcoscabbiolo/Proyects/yeoman/yo/lib/routes/exit.js","s":{"1":1,"2":1,"3":1,"4":1,"5":1,"6":1,"7":1,"8":1},"b":{},"f":{},"fnMap":{},"statementMap":{"1":{"start":{"line":2,"column":0},"end":{"line":2,"column":31}},"2":{"start":{"line":4,"column":0},"end":{"line":20,"column":2}},"3":{"start":{"line":5,"column":2},"end":{"line":5,"column":36}},"4":{"start":{"line":7,"column":2},"end":{"line":7,"column":20}},"5":{"start":{"line":8,"column":2},"end":{"line":8,"column":33}},"6":{"start":{"line":9,"column":2},"end":{"line":9,"column":41}},"7":{"start":{"line":10,"column":2},"end":{"line":10,"column":40}},"8":{"start":{"line":12,"column":2},"end":{"line":19,"column":5}}},"branchMap":{},"l":{"2":1,"4":1,"5":1,"7":1,"8":1,"9":1,"10":1,"12":1}},
"/Users/marcoscabbiolo/Proyects/yeoman/yo/lib/routes/help.js":{"path":"/Users/marcoscabbiolo/Proyects/yeoman/yo/lib/routes/help.js","s":{"1":3,"2":3,"3":3,"4":0,"5":0,"6":0,"7":0,"8":0,"9":0,"10":0,"11":0},"b":{"1":[0,0]},"f":{},"fnMap":{},"statementMap":{"1":{"start":{"line":2,"column":0},"end":{"line":2,"column":37}},"2":{"start":{"line":3,"column":0},"end":{"line":3,"column":27}},"3":{"start":{"line":5,"column":0},"end":{"line":36,"column":2}},"4":{"start":{"line":6,"column":2},"end":{"line":6,"column":36}},"5":{"start":{"line":8,"column":2},"end":{"line":35,"column":5}},"6":{"start":{"line":26,"column":4},"end":{"line":26,"column":46}},"7":{"start":{"line":28,"column":4},"end":{"line":32,"column":5}},"8":{"start":{"line":29,"column":6},"end":{"line":29,"column":78}},"9":{"start":{"line":30,"column":6},"end":{"line":30,"column":27}},"10":{"start":{"line":31,"column":6},"end":{"line":31,"column":13}},"11":{"start":{"line":34,"column":4},"end":{"line":34,"column":24}}},"branchMap":{"1":{"line":28,"type":"if","locations":[{"start":{"line":28,"column":4},"end":{"line":28,"column":4}},{"start":{"line":28,"column":4},"end":{"line":28,"column":4}}]}},"l":{"2":3,"3":3,"5":3,"6":0,"8":0,"26":0,"28":0,"29":0,"30":0,"31":0,"34":0}},
"/Users/marcoscabbiolo/Proyects/yeoman/yo/lib/routes/home.js":{"path":"/Users/marcoscabbiolo/Proyects/yeoman/yo/lib/routes/home.js","s":{"1":1,"2":1,"3":1,"4":1,"5":1,"6":1,"7":1,"8":1,"9":0,"10":0,"11":0,"12":0,"13":0,"14":0,"15":0,"16":0,"17":0,"18":0,"19":0,"20":0,"21":0,"22":0,"23":0,"24":0,"25":0,"26":0,"27":0,"28":0,"29":0,"30":0},"b":{"1":[0,0],"2":[0,0],"3":[0,0],"4":[0,0],"5":[0,0],"6":[0,0],"7":[0,0],"8":[0,0],"9":[0,0]},"f":{},"fnMap":{},"statementMap":{"1":{"start":{"line":2,"column":0},"end":{"line":2,"column":28}},"2":{"start":{"line":3,"column":0},"end":{"line":3,"column":31}},"3":{"start":{"line":4,"column":0},"end":{"line":4,"column":37}},"4":{"start":{"line":5,"column":0},"end":{"line":5,"column":37}},"5":{"start":{"line":6,"column":0},"end":{"line":6,"column":37}},"6":{"start":{"line":7,"column":0},"end":{"line":7,"column":56}},"7":{"start":{"line":8,"column":0},"end":{"line":8,"column":76}},"8":{"start":{"line":10,"column":0},"end":{"line":84,"column":2}},"9":{"start":{"line":11,"column":2},"end":{"line":20,"column":5}},"10":{"start":{"line":22,"column":2},"end":{"line":27,"column":3}},"11":{"start":{"line":23,"column":4},"end":{"line":26,"column":7}},"12":{"start":{"line":29,"column":2},"end":{"line":46,"column":13}},"13":{"start":{"line":30,"column":4},"end":{"line":32,"column":5}},"14":{"start":{"line":31,"column":6},"end":{"line":31,"column":18}},"15":{"start":{"line":34,"column":4},"end":{"line":34,"column":97}},"16":{"start":{"line":36,"column":4},"end":{"line":42,"column":6}},"17":{"start":{"line":44,"column":4},"end":{"line":44,"column":62}},"18":{"start":{"line":45,"column":4},"end":{"line":45,"column":66}},"19":{"start":{"line":48,"column":2},"end":{"line":53,"column":3}},"20":{"start":{"line":49,"column":4},"end":{"line":52,"column":7}},"21":{"start":{"line":55,"column":2},"end":{"line":55,"column":36}},"22":{"start":{"line":57,"column":2},"end":{"line":83,"column":5}},"23":{"start":{"line":58,"column":4},"end":{"line":58,"column":89}},"24":{"start":{"line":60,"column":4},"end":{"line":82,"column":7}},"25":{"start":{"line":72,"column":6},"end":{"line":75,"column":7}},"26":{"start":{"line":73,"column":8},"end":{"line":73,"column":55}},"27":{"start":{"line":74,"column":8},"end":{"line":74,"column":15}},"28":{"start":{"line":77,"column":6},"end":{"line":79,"column":7}},"29":{"start":{"line":78,"column":8},"end":{"line":78,"column":15}},"30":{"start":{"line":81,"column":6},"end":{"line":81,"column":36}}},"branchMap":{"1":{"line":22,"type":"if","locations":[{"start":{"line":22,"column":2},"end":{"line":22,"column":2}},{"start":{"line":22,"column":2},"end":{"line":22,"column":2}}]},"2":{"line":30,"type":"if","locations":[{"start":{"line":30,"column":4},"end":{"line":30,"column":4}},{"start":{"line":30,"column":4},"end":{"line":30,"column":4}}]},"3":{"line":34,"type":"cond-expr","locations":[{"start":{"line":34,"column":51},"end":{"line":34,"column":91}},{"start":{"line":34,"column":94},"end":{"line":34,"column":96}}]},"4":{"line":45,"type":"binary-expr","locations":[{"start":{"line":45,"column":11},"end":{"line":45,"column":60}},{"start":{"line":45,"column":64},"end":{"line":45,"column":65}}]},"5":{"line":48,"type":"if","locations":[{"start":{"line":48,"column":2},"end":{"line":48,"column":2}},{"start":{"line":48,"column":2},"end":{"line":48,"column":2}}]},"6":{"line":58,"type":"cond-expr","locations":[{"start":{"line":58,"column":44},"end":{"line":58,"column":75}},{"start":{"line":58,"column":78},"end":{"line":58,"column":88}}]},"7":{"line":58,"type":"binary-expr","locations":[{"start":{"line":58,"column":18},"end":{"line":58,"column":22}},{"start":{"line":58,"column":26},"end":{"line":58,"column":40}}]},"8":{"line":72,"type":"if","locations":[{"start":{"line":72,"column":6},"end":{"line":72,"column":6}},{"start":{"line":72,"column":6},"end":{"line":72,"column":6}}]},"9":{"line":77,"type":"if","locations":[{"start":{"line":77,"column":6},"end":{"line":77,"column":6}},{"start":{"line":77,"column":6},"end":{"line":77,"column":6}}]}},"l":{"2":1,"3":1,"4":1,"5":1,"6":1,"7":1,"8":1,"10":1,"11":0,"22":0,"23":0,"29":0,"30":0,"31":0,"34":0,"36":0,"44":0,"45":0,"48":0,"49":0,"55":0,"57":0,"58":0,"60":0,"72":0,"73":0,"74":0,"77":0,"78":0,"81":0}},
"/Users/marcoscabbiolo/Proyects/yeoman/yo/lib/routes/install.js":{"path":"/Users/marcoscabbiolo/Proyects/yeoman/yo/lib/routes/install.js","s":{"1":6,"2":6,"3":6,"4":6,"5":6,"6":6,"7":6,"8":6,"9":6,"10":6,"11":6,"12":6,"13":0,"14":0,"15":0,"16":6,"17":0,"18":6,"19":0,"20":1,"21":1,"22":0,"23":0,"24":0,"25":0,"26":0,"27":0,"28":0,"29":0,"30":0,"31":0,"32":0,"33":1,"34":0,"35":0,"36":0,"37":0,"38":1,"39":0,"40":0,"41":0,"42":0,"43":0,"44":0,"45":0,"46":0,"47":0,"48":0,"49":0,"50":0,"51":1,"52":0,"53":0,"54":0,"55":0,"56":0,"57":0,"58":0,"59":0,"60":1,"61":0,"62":0,"63":0,"64":0,"65":0,"66":0,"67":0,"68":0,"69":0},"b":{"1":[0,0],"2":[0,0],"3":[0,0],"4":[0,0],"5":[0,0],"6":[0,0],"7":[0,0],"8":[0,0]},"f":{"1":0,"2":0,"3":0,"4":0,"5":0,"6":0},"fnMap":{"1":{"name":"searchMatchingGenerators","line":46,"loc":{"start":{"line":46,"column":0},"end":{"line":46,"column":49}}},"2":{"name":"handleBlacklist","line":47,"loc":{"start":{"line":47,"column":2},"end":{"line":47,"column":38}}},"3":{"name":"fetchGeneratorInfo","line":69,"loc":{"start":{"line":69,"column":0},"end":{"line":69,"column":43}}},"4":{"name":"searchNpm","line":82,"loc":{"start":{"line":82,"column":0},"end":{"line":82,"column":30}}},"5":{"name":"promptInstallOptions","line":104,"loc":{"start":{"line":104,"column":0},"end":{"line":104,"column":44}}},"6":{"name":"installGenerator","line":133,"loc":{"start":{"line":133,"column":0},"end":{"line":133,"column":40}}}},"statementMap":{"1":{"start":{"line":3,"column":0},"end":{"line":3,"column":28}},"2":{"start":{"line":4,"column":0},"end":{"line":4,"column":31}},"3":{"start":{"line":5,"column":0},"end":{"line":5,"column":31}},"4":{"start":{"line":6,"column":0},"end":{"line":6,"column":37}},"5":{"start":{"line":7,"column":0},"end":{"line":7,"column":37}},"6":{"start":{"line":8,"column":0},"end":{"line":8,"column":34}},"7":{"start":{"line":9,"column":0},"end":{"line":9,"column":35}},"8":{"start":{"line":10,"column":0},"end":{"line":10,"column":42}},"9":{"start":{"line":11,"column":0},"end":{"line":11,"column":44}},"10":{"start":{"line":12,"column":0},"end":{"line":12,"column":27}},"11":{"start":{"line":14,"column":0},"end":{"line":32,"column":2}},"12":{"start":{"line":34,"column":0},"end":{"line":41,"column":2}},"13":{"start":{"line":35,"column":2},"end":{"line":35,"column":39}},"14":{"start":{"line":37,"column":2},"end":{"line":40,"column":58}},"15":{"start":{"line":40,"column":22},"end":{"line":40,"column":56}},"16":{"start":{"line":43,"column":0},"end":{"line":43,"column":108}},"17":{"start":{"line":43,"column":48},"end":{"line":43,"column":107}},"18":{"start":{"line":44,"column":0},"end":{"line":44,"column":73}},"19":{"start":{"line":44,"column":41},"end":{"line":44,"column":71}},"20":{"start":{"line":46,"column":0},"end":{"line":67,"column":1}},"21":{"start":{"line":47,"column":2},"end":{"line":63,"column":3}},"22":{"start":{"line":48,"column":4},"end":{"line":48,"column":60}},"23":{"start":{"line":50,"column":4},"end":{"line":62,"column":11}},"24":{"start":{"line":51,"column":6},"end":{"line":61,"column":10}},"25":{"start":{"line":52,"column":8},"end":{"line":54,"column":9}},"26":{"start":{"line":53,"column":10},"end":{"line":53,"column":23}},"27":{"start":{"line":56,"column":8},"end":{"line":58,"column":9}},"28":{"start":{"line":57,"column":10},"end":{"line":57,"column":23}},"29":{"start":{"line":60,"column":8},"end":{"line":60,"column":51}},"30":{"start":{"line":64,"column":2},"end":{"line":66,"column":38}},"31":{"start":{"line":65,"column":22},"end":{"line":65,"column":52}},"32":{"start":{"line":66,"column":17},"end":{"line":66,"column":36}},"33":{"start":{"line":69,"column":0},"end":{"line":80,"column":1}},"34":{"start":{"line":70,"column":2},"end":{"line":79,"column":15}},"35":{"start":{"line":71,"column":4},"end":{"line":71,"column":60}},"36":{"start":{"line":72,"column":4},"end":{"line":72,"column":74}},"37":{"start":{"line":74,"column":4},"end":{"line":78,"column":7}},"38":{"start":{"line":82,"column":0},"end":{"line":102,"column":1}},"39":{"start":{"line":83,"column":2},"end":{"line":99,"column":5}},"40":{"start":{"line":84,"column":4},"end":{"line":98,"column":7}},"41":{"start":{"line":85,"column":6},"end":{"line":88,"column":7}},"42":{"start":{"line":86,"column":8},"end":{"line":86,"column":20}},"43":{"start":{"line":87,"column":8},"end":{"line":87,"column":15}},"44":{"start":{"line":90,"column":6},"end":{"line":97,"column":9}},"45":{"start":{"line":91,"column":8},"end":{"line":94,"column":9}},"46":{"start":{"line":92,"column":10},"end":{"line":92,"column":23}},"47":{"start":{"line":93,"column":10},"end":{"line":93,"column":17}},"48":{"start":{"line":96,"column":8},"end":{"line":96,"column":25}},"49":{"start":{"line":101,"column":2},"end":{"line":101,"column":99}},"50":{"start":{"line":101,"column":33},"end":{"line":101,"column":97}},"51":{"start":{"line":104,"column":0},"end":{"line":131,"column":1}},"52":{"start":{"line":105,"column":2},"end":{"line":105,"column":66}},"53":{"start":{"line":107,"column":2},"end":{"line":109,"column":3}},"54":{"start":{"line":108,"column":4},"end":{"line":108,"column":135}},"55":{"start":{"line":111,"column":2},"end":{"line":122,"column":5}},"56":{"start":{"line":124,"column":2},"end":{"line":130,"column":5}},"57":{"start":{"line":125,"column":4},"end":{"line":127,"column":5}},"58":{"start":{"line":126,"column":6},"end":{"line":126,"column":44}},"59":{"start":{"line":129,"column":4},"end":{"line":129,"column":44}},"60":{"start":{"line":133,"column":0},"end":{"line":154,"column":1}},"61":{"start":{"line":134,"column":2},"end":{"line":134,"column":48}},"62":{"start":{"line":136,"column":2},"end":{"line":153,"column":7}},"63":{"start":{"line":138,"column":6},"end":{"line":138,"column":56}},"64":{"start":{"line":139,"column":6},"end":{"line":139,"column":16}},"65":{"start":{"line":142,"column":6},"end":{"line":142,"column":54}},"66":{"start":{"line":144,"column":6},"end":{"line":147,"column":8}},"67":{"start":{"line":149,"column":6},"end":{"line":152,"column":9}},"68":{"start":{"line":150,"column":8},"end":{"line":150,"column":40}},"69":{"start":{"line":151,"column":8},"end":{"line":151,"column":29}}},"branchMap":{"1":{"line":52,"type":"if","locations":[{"start":{"line":52,"column":8},"end":{"line":52,"column":8}},{"start":{"line":52,"column":8},"end":{"line":52,"column":8}}]},"2":{"line":56,"type":"if","locations":[{"start":{"line":56,"column":8},"end":{"line":56,"column":8}},{"start":{"line":56,"column":8},"end":{"line":56,"column":8}}]},"3":{"line":72,"type":"cond-expr","locations":[{"start":{"line":72,"column":32},"end":{"line":72,"column":68}},{"start":{"line":72,"column":71},"end":{"line":72,"column":73}}]},"4":{"line":85,"type":"if","locations":[{"start":{"line":85,"column":6},"end":{"line":85,"column":6}},{"start":{"line":85,"column":6},"end":{"line":85,"column":6}}]},"5":{"line":91,"type":"if","locations":[{"start":{"line":91,"column":8},"end":{"line":91,"column":8}},{"start":{"line":91,"column":8},"end":{"line":91,"column":8}}]},"6":{"line":107,"type":"if","locations":[{"start":{"line":107,"column":2},"end":{"line":107,"column":2}},{"start":{"line":107,"column":2},"end":{"line":107,"column":2}}]},"7":{"line":125,"type":"if","locations":[{"start":{"line":125,"column":4},"end":{"line":125,"column":4}},{"start":{"line":125,"column":4},"end":{"line":125,"column":4}}]},"8":{"line":125,"type":"binary-expr","locations":[{"start":{"line":125,"column":8},"end":{"line":125,"column":35}},{"start":{"line":125,"column":39},"end":{"line":125,"column":69}}]}},"l":{"3":6,"4":6,"5":6,"6":6,"7":6,"8":6,"9":6,"10":6,"11":6,"12":6,"14":6,"34":6,"35":0,"37":0,"40":0,"43":6,"44":6,"46":1,"47":1,"48":0,"50":0,"51":0,"52":0,"53":0,"56":0,"57":0,"60":0,"64":0,"65":0,"66":0,"69":1,"70":0,"71":0,"72":0,"74":0,"82":1,"83":0,"84":0,"85":0,"86":0,"87":0,"90":0,"91":0,"92":0,"93":0,"96":0,"101":0,"104":1,"105":0,"107":0,"108":0,"111":0,"124":0,"125":0,"126":0,"129":0,"133":1,"134":0,"136":0,"138":0,"139":0,"142":0,"144":0,"149":0,"150":0,"151":0}},
"/Users/marcoscabbiolo/Proyects/yeoman/yo/lib/routes/run.js":{"path":"/Users/marcoscabbiolo/Proyects/yeoman/yo/lib/routes/run.js","s":{"1":1,"2":1,"3":1,"4":2,"5":2,"6":2,"7":2,"8":2,"9":2,"10":2},"b":{"1":[2,1]},"f":{},"fnMap":{},"statementMap":{"1":{"start":{"line":2,"column":0},"end":{"line":2,"column":31}},"2":{"start":{"line":3,"column":0},"end":{"line":3,"column":56}},"3":{"start":{"line":5,"column":0},"end":{"line":20,"column":2}},"4":{"start":{"line":6,"column":2},"end":{"line":6,"column":41}},"5":{"start":{"line":7,"column":2},"end":{"line":7,"column":45}},"6":{"start":{"line":9,"column":2},"end":{"line":13,"column":4}},"7":{"start":{"line":16,"column":2},"end":{"line":16,"column":62}},"8":{"start":{"line":17,"column":2},"end":{"line":17,"column":69}},"9":{"start":{"line":18,"column":2},"end":{"line":18,"column":55}},"10":{"start":{"line":19,"column":2},"end":{"line":19,"column":20}}},"branchMap":{"1":{"line":17,"type":"binary-expr","locations":[{"start":{"line":17,"column":32},"end":{"line":17,"column":63}},{"start":{"line":17,"column":67},"end":{"line":17,"column":68}}]}},"l":{"2":1,"3":1,"5":1,"6":2,"7":2,"9":2,"16":2,"17":2,"18":2,"19":2}},
"/Users/marcoscabbiolo/Proyects/yeoman/yo/lib/routes/update.js":{"path":"/Users/marcoscabbiolo/Proyects/yeoman/yo/lib/routes/update.js","s":{"1":1,"2":1,"3":1,"4":1,"5":1,"6":0,"7":0,"8":0,"9":0,"10":0,"11":1,"12":0,"13":1,"14":0,"15":0,"16":0,"17":0,"18":0},"b":{"1":[0,0],"2":[0,0]},"f":{"1":0,"2":0,"3":0},"fnMap":{"1":{"name":"updateSuccess","line":9,"loc":{"start":{"line":9,"column":0},"end":{"line":9,"column":28}}},"2":{"name":"updateGenerators","line":18,"loc":{"start":{"line":18,"column":0},"end":{"line":18,"column":37}}},"3":{"name":"(anonymous_3)","line":30,"loc":{"start":{"line":30,"column":12},"end":{"line":30,"column":20}}}},"statementMap":{"1":{"start":{"line":2,"column":0},"end":{"line":2,"column":31}},"2":{"start":{"line":3,"column":0},"end":{"line":3,"column":37}},"3":{"start":{"line":4,"column":0},"end":{"line":4,"column":37}},"4":{"start":{"line":6,"column":0},"end":{"line":7,"column":58}},"5":{"start":{"line":9,"column":0},"end":{"line":16,"column":1}},"6":{"start":{"line":10,"column":2},"end":{"line":10,"column":39}},"7":{"start":{"line":11,"column":2},"end":{"line":11,"column":47}},"8":{"start":{"line":12,"column":2},"end":{"line":15,"column":5}},"9":{"start":{"line":13,"column":4},"end":{"line":13,"column":36}},"10":{"start":{"line":14,"column":4},"end":{"line":14,"column":25}},"11":{"start":{"line":18,"column":0},"end":{"line":21,"column":1}},"12":{"start":{"line":19,"column":2},"end":{"line":20,"column":48}},"13":{"start":{"line":23,"column":0},"end":{"line":42,"column":2}},"14":{"start":{"line":24,"column":2},"end":{"line":24,"column":38}},"15":{"start":{"line":26,"column":2},"end":{"line":41,"column":5}},"16":{"start":{"line":31,"column":6},"end":{"line":31,"column":89}},"17":{"start":{"line":34,"column":6},"end":{"line":37,"column":8}},"18":{"start":{"line":40,"column":4},"end":{"line":40,"column":45}}},"branchMap":{"1":{"line":31,"type":"cond-expr","locations":[{"start":{"line":31,"column":32},"end":{"line":31,"column":36}},{"start":{"line":31,"column":39},"end":{"line":31,"column":88}}]},"2":{"line":33,"type":"binary-expr","locations":[{"start":{"line":33,"column":25},"end":{"line":33,"column":39}},{"start":{"line":33,"column":43},"end":{"line":33,"column":45}}]}},"l":{"2":1,"3":1,"4":1,"6":1,"9":1,"10":0,"11":0,"12":0,"13":0,"14":0,"18":1,"19":0,"23":1,"24":0,"26":0,"31":0,"34":0,"40":0}},
"/Users/marcoscabbiolo/Proyects/yeoman/yo/lib/utils/global-config.js":{"path":"/Users/marcoscabbiolo/Proyects/yeoman/yo/lib/utils/global-config.js","s":{"1":1,"2":1,"3":1,"4":1,"5":1,"6":0,"7":0,"8":1,"9":0,"10":0,"11":0,"12":1,"13":0,"14":0,"15":0,"16":0,"17":0,"18":1,"19":0,"20":1,"21":0,"22":1},"b":{"1":[0,0],"2":[0,0]},"f":{"1":0,"2":0,"3":0,"4":0,"5":0},"fnMap":{"1":{"name":"write","line":9,"loc":{"start":{"line":9,"column":0},"end":{"line":9,"column":24}}},"2":{"name":"getAll","line":18,"loc":{"start":{"line":18,"column":0},"end":{"line":18,"column":18}}},"3":{"name":"remove","line":30,"loc":{"start":{"line":30,"column":0},"end":{"line":30,"column":22}}},"4":{"name":"removeAll","line":43,"loc":{"start":{"line":43,"column":0},"end":{"line":43,"column":21}}},"5":{"name":"hasContent","line":51,"loc":{"start":{"line":51,"column":0},"end":{"line":51,"column":22}}}},"statementMap":{"1":{"start":{"line":2,"column":0},"end":{"line":2,"column":25}},"2":{"start":{"line":3,"column":0},"end":{"line":3,"column":29}},"3":{"start":{"line":4,"column":0},"end":{"line":4,"column":25}},"4":{"start":{"line":7,"column":0},"end":{"line":7,"column":71}},"5":{"start":{"line":9,"column":0},"end":{"line":12,"column":1}},"6":{"start":{"line":10,"column":2},"end":{"line":10,"column":48}},"7":{"start":{"line":11,"column":2},"end":{"line":11,"column":46}},"8":{"start":{"line":18,"column":0},"end":{"line":24,"column":1}},"9":{"start":{"line":19,"column":2},"end":{"line":21,"column":3}},"10":{"start":{"line":20,"column":4},"end":{"line":20,"column":65}},"11":{"start":{"line":23,"column":2},"end":{"line":23,"column":12}},"12":{"start":{"line":30,"column":0},"end":{"line":38,"column":1}},"13":{"start":{"line":31,"column":2},"end":{"line":33,"column":3}},"14":{"start":{"line":32,"column":4},"end":{"line":32,"column":11}},"15":{"start":{"line":35,"column":2},"end":{"line":35,"column":27}},"16":{"start":{"line":36,"column":2},"end":{"line":36,"column":23}},"17":{"start":{"line":37,"column":2},"end":{"line":37,"column":17}},"18":{"start":{"line":43,"column":0},"end":{"line":45,"column":1}},"19":{"start":{"line":44,"column":2},"end":{"line":44,"column":12}},"20":{"start":{"line":51,"column":0},"end":{"line":53,"column":1}},"21":{"start":{"line":52,"column":2},"end":{"line":52,"column":42}},"22":{"start":{"line":55,"column":0},"end":{"line":61,"column":2}}},"branchMap":{"1":{"line":19,"type":"if","locations":[{"start":{"line":19,"column":2},"end":{"line":19,"column":2}},{"start":{"line":19,"column":2},"end":{"line":19,"column":2}}]},"2":{"line":31,"type":"if","locations":[{"start":{"line":31,"column":2},"end":{"line":31,"column":2}},{"start":{"line":31,"column":2},"end":{"line":31,"column":2}}]}},"l":{"2":1,"3":1,"4":1,"7":1,"9":1,"10":0,"11":0,"18":1,"19":0,"20":0,"23":0,"30":1,"31":0,"32":0,"35":0,"36":0,"37":0,"43":1,"44":0,"51":1,"52":0,"55":1}}}
