TN:
SF:/Users/marcoscabbiolo/Proyects/yeoman/yo/lib/cli.js
FN:51,updateCheck
FN:62,pre
FN:82,createGeneratorList
FN:110,init
FN:164,runYo
FNF:5
FNH:4
FNDA:1,updateCheck
FNDA:1,pre
FNDA:1,createGeneratorList
FNDA:1,init
FNDA:0,runYo
DA:3,1
DA:4,1
DA:5,1
DA:6,1
DA:7,1
DA:8,1
DA:9,1
DA:10,1
DA:11,1
DA:12,1
DA:13,1
DA:14,1
DA:15,1
DA:17,1
DA:20,1
DA:23,1
DA:28,1
DA:29,1
DA:30,1
DA:31,1
DA:35,1
DA:36,0
DA:37,0
DA:40,1
DA:43,1
DA:44,1
DA:46,1
DA:51,1
DA:52,1
DA:53,1
DA:55,1
DA:56,0
DA:57,0
DA:58,0
DA:62,1
DA:64,1
DA:65,0
DA:66,0
DA:69,1
DA:70,0
DA:74,1
DA:75,0
DA:76,0
DA:79,1
DA:82,1
DA:83,1
DA:84,0
DA:85,0
DA:88,0
DA:89,0
DA:93,0
DA:94,0
DA:97,0
DA:100,1
DA:101,1
DA:104,0
DA:105,0
DA:106,0
DA:110,1
DA:111,1
DA:113,1
DA:114,1
DA:115,1
DA:116,1
DA:120,1
DA:121,1
DA:124,1
DA:125,0
DA:126,0
DA:130,1
DA:131,0
DA:132,0
DA:133,0
DA:134,0
DA:137,0
DA:138,0
DA:143,1
DA:144,0
DA:145,0
DA:147,0
DA:148,0
DA:150,0
DA:152,0
DA:158,1
DA:159,1
DA:164,1
DA:165,0
DA:166,0
DA:167,0
DA:168,0
DA:169,0
DA:170,0
DA:171,0
DA:172,0
DA:173,0
DA:175,0
DA:177,0
DA:178,0
DA:181,1
DA:183,1
DA:191,1
DA:192,0
DA:193,1
DA:194,0
DA:197,1
DA:198,0
DA:199,0
DA:200,0
DA:202,1
DA:204,1
DA:207,1
DA:208,1
LF:112
LH:61
BRDA:43,1,0,1
BRDA:43,1,1,0
BRDA:55,2,0,0
BRDA:55,2,1,1
BRDA:64,3,0,0
BRDA:64,3,1,1
BRDA:69,4,0,0
BRDA:69,4,1,1
BRDA:74,5,0,0
BRDA:74,5,1,1
BRDA:74,6,0,1
BRDA:74,6,1,1
BRDA:88,7,0,0
BRDA:88,7,1,0
BRDA:93,8,0,0
BRDA:93,8,1,0
BRDA:100,9,0,1
BRDA:100,9,1,0
BRDA:115,10,0,0
BRDA:115,10,1,1
BRDA:116,11,0,1
BRDA:116,11,1,1
BRDA:124,12,0,0
BRDA:124,12,1,1
BRDA:130,13,0,0
BRDA:130,13,1,1
BRDA:131,14,0,0
BRDA:131,14,1,0
BRDA:143,15,0,0
BRDA:143,15,1,1
BRDA:191,16,0,0
BRDA:191,16,1,1
BRDA:193,17,0,0
BRDA:193,17,1,1
BRDA:197,18,0,0
BRDA:197,18,1,1
BRDA:197,19,0,1
BRDA:197,19,1,1
BRDA:202,20,0,1
BRDA:202,20,1,0
BRF:40
BRH:20
end_of_record
TN:
SF:/Users/marcoscabbiolo/Proyects/yeoman/yo/lib/router.js
FN:19,(anonymous_1)
FN:34,(anonymous_2)
FN:47,(anonymous_3)
FN:56,(anonymous_4)
FNF:4
FNH:4
FNDA:28,(anonymous_1)
FNDA:10,(anonymous_2)
FNDA:65,(anonymous_3)
FNDA:3,(anonymous_4)
DA:2,2
DA:3,2
DA:4,2
DA:5,2
DA:6,2
DA:7,2
DA:8,2
DA:9,2
DA:20,28
DA:21,28
DA:22,28
DA:23,28
DA:24,28
DA:35,10
DA:36,9
DA:39,0
DA:48,65
DA:49,65
DA:57,3
DA:59,3
DA:61,12
DA:62,6
DA:65,6
DA:67,6
DA:68,0
DA:71,6
DA:72,6
DA:73,6
DA:74,6
DA:76,6
DA:77,0
DA:80,6
DA:83,3
DA:87,2
LF:34
LH:31
BRDA:24,1,0,28
BRDA:24,1,1,25
BRDA:35,2,0,9
BRDA:35,2,1,0
BRDA:61,3,0,6
BRDA:61,3,1,6
BRDA:67,4,0,0
BRDA:67,4,1,6
BRDA:76,5,0,0
BRDA:76,5,1,6
BRDA:76,6,0,6
BRDA:76,6,1,0
BRF:12
BRH:8
end_of_record
TN:
SF:/Users/marcoscabbiolo/Proyects/yeoman/yo/lib/completion/completer.js
FN:12,(anonymous_1)
FN:22,(anonymous_2)
FN:45,(anonymous_3)
FN:66,(anonymous_4)
FN:89,(anonymous_5)
FNF:5
FNH:5
FNDA:6,(anonymous_1)
FNDA:2,(anonymous_2)
FNDA:1,(anonymous_3)
FNDA:7,(anonymous_4)
FNDA:2,(anonymous_5)
DA:2,1
DA:3,1
DA:4,1
DA:13,6
DA:23,2
DA:24,1
DA:27,1
DA:28,1
DA:29,0
DA:30,0
DA:33,1
DA:34,1
DA:35,1
DA:46,1
DA:47,1
DA:49,1
DA:50,1
DA:51,0
DA:52,0
DA:55,1
DA:56,1
DA:67,7
DA:68,7
DA:69,18
DA:70,18
DA:71,18
DA:72,18
DA:73,18
DA:75,18
DA:90,2
DA:91,2
DA:93,2
DA:94,11
DA:96,11
DA:97,2
DA:100,11
DA:102,11
DA:105,2
DA:106,13
DA:108,2
DA:112,1
LF:41
LH:37
BRDA:23,1,0,1
BRDA:23,1,1,1
BRDA:23,2,0,2
BRDA:23,2,1,1
BRDA:28,3,0,0
BRDA:28,3,1,1
BRDA:50,4,0,0
BRDA:50,4,1,1
BRDA:67,5,0,7
BRDA:67,5,1,1
BRDA:69,6,0,5
BRDA:69,6,1,13
BRDA:70,7,0,13
BRDA:70,7,1,5
BRDA:70,8,0,18
BRDA:70,8,1,13
BRDA:96,9,0,2
BRDA:96,9,1,9
BRDA:106,10,0,13
BRDA:106,10,1,11
BRF:20
BRH:18
end_of_record
TN:
SF:/Users/marcoscabbiolo/Proyects/yeoman/yo/lib/completion/index.js
FNF:0
FNH:0
DA:3,1
DA:4,1
DA:8,1
DA:10,1
DA:12,1
DA:16,1
DA:19,1
DA:21,1
LF:8
LH:8
BRF:0
BRH:0
end_of_record
TN:
SF:/Users/marcoscabbiolo/Proyects/yeoman/yo/lib/routes/clear-config.js
FN:74,_clearGeneratorConfig
FNF:1
FNH:1
FNDA:1,_clearGeneratorConfig
DA:2,2
DA:3,2
DA:4,2
DA:5,2
DA:6,2
DA:8,2
DA:9,2
DA:11,2
DA:18,2
DA:19,4
DA:20,4
DA:23,4
DA:24,4
DA:26,4
DA:27,2
DA:28,2
DA:30,2
DA:31,2
DA:34,4
DA:39,4
DA:41,2
DA:42,2
DA:43,2
DA:49,2
DA:58,2
DA:60,2
DA:61,1
DA:62,1
DA:65,1
DA:74,1
DA:75,1
DA:76,0
DA:78,1
DA:81,1
DA:82,1
LF:35
LH:34
BRDA:26,1,0,2
BRDA:26,1,1,2
BRDA:28,2,0,2
BRDA:28,2,1,0
BRDA:41,3,0,2
BRDA:41,3,1,0
BRDA:60,4,0,1
BRDA:60,4,1,1
BRDA:75,5,0,0
BRDA:75,5,1,1
BRF:10
BRH:7
end_of_record
TN:
SF:/Users/marcoscabbiolo/Proyects/yeoman/yo/lib/routes/exit.js
FNF:0
FNH:0
DA:2,1
DA:4,1
DA:5,1
DA:7,1
DA:8,1
DA:9,1
DA:10,1
DA:12,1
LF:8
LH:8
BRF:0
BRH:0
end_of_record
TN:
SF:/Users/marcoscabbiolo/Proyects/yeoman/yo/lib/routes/help.js
FNF:0
FNH:0
DA:2,3
DA:3,3
DA:5,3
DA:6,0
DA:8,0
DA:26,0
DA:28,0
DA:29,0
DA:30,0
DA:31,0
DA:34,0
LF:11
LH:3
BRDA:28,1,0,0
BRDA:28,1,1,0
BRF:2
BRH:0
end_of_record
TN:
SF:/Users/marcoscabbiolo/Proyects/yeoman/yo/lib/routes/home.js
FNF:0
FNH:0
DA:2,1
DA:3,1
DA:4,1
DA:5,1
DA:6,1
DA:7,1
DA:8,1
DA:10,1
DA:11,0
DA:22,0
DA:23,0
DA:29,0
DA:30,0
DA:31,0
DA:34,0
DA:36,0
DA:44,0
DA:45,0
DA:48,0
DA:49,0
DA:55,0
DA:57,0
DA:58,0
DA:60,0
DA:72,0
DA:73,0
DA:74,0
DA:77,0
DA:78,0
DA:81,0
LF:30
LH:8
BRDA:22,1,0,0
BRDA:22,1,1,0
BRDA:30,2,0,0
BRDA:30,2,1,0
BRDA:34,3,0,0
BRDA:34,3,1,0
BRDA:45,4,0,0
BRDA:45,4,1,0
BRDA:48,5,0,0
BRDA:48,5,1,0
BRDA:58,6,0,0
BRDA:58,6,1,0
BRDA:58,7,0,0
BRDA:58,7,1,0
BRDA:72,8,0,0
BRDA:72,8,1,0
BRDA:77,9,0,0
BRDA:77,9,1,0
BRF:18
BRH:0
end_of_record
TN:
SF:/Users/marcoscabbiolo/Proyects/yeoman/yo/lib/routes/install.js
FN:46,searchMatchingGenerators
FN:47,handleBlacklist
FN:69,fetchGeneratorInfo
FN:82,searchNpm
FN:104,promptInstallOptions
FN:133,installGenerator
FNF:6
FNH:0
FNDA:0,searchMatchingGenerators
FNDA:0,handleBlacklist
FNDA:0,fetchGeneratorInfo
FNDA:0,searchNpm
FNDA:0,promptInstallOptions
FNDA:0,installGenerator
DA:3,6
DA:4,6
DA:5,6
DA:6,6
DA:7,6
DA:8,6
DA:9,6
DA:10,6
DA:11,6
DA:12,6
DA:14,6
DA:34,6
DA:35,0
DA:37,0
DA:40,0
DA:43,6
DA:44,6
DA:46,1
DA:47,1
DA:48,0
DA:50,0
DA:51,0
DA:52,0
DA:53,0
DA:56,0
DA:57,0
DA:60,0
DA:64,0
DA:65,0
DA:66,0
DA:69,1
DA:70,0
DA:71,0
DA:72,0
DA:74,0
DA:82,1
DA:83,0
DA:84,0
DA:85,0
DA:86,0
DA:87,0
DA:90,0
DA:91,0
DA:92,0
DA:93,0
DA:96,0
DA:101,0
DA:104,1
DA:105,0
DA:107,0
DA:108,0
DA:111,0
DA:124,0
DA:125,0
DA:126,0
DA:129,0
DA:133,1
DA:134,0
DA:136,0
DA:138,0
DA:139,0
DA:142,0
DA:144,0
DA:149,0
DA:150,0
DA:151,0
LF:66
LH:20
BRDA:52,1,0,0
BRDA:52,1,1,0
BRDA:56,2,0,0
BRDA:56,2,1,0
BRDA:72,3,0,0
BRDA:72,3,1,0
BRDA:85,4,0,0
BRDA:85,4,1,0
BRDA:91,5,0,0
BRDA:91,5,1,0
BRDA:107,6,0,0
BRDA:107,6,1,0
BRDA:125,7,0,0
BRDA:125,7,1,0
BRDA:125,8,0,0
BRDA:125,8,1,0
BRF:16
BRH:0
end_of_record
TN:
SF:/Users/marcoscabbiolo/Proyects/yeoman/yo/lib/routes/run.js
FNF:0
FNH:0
DA:2,1
DA:3,1
DA:5,1
DA:6,2
DA:7,2
DA:9,2
DA:16,2
DA:17,2
DA:18,2
DA:19,2
LF:10
LH:10
BRDA:17,1,0,2
BRDA:17,1,1,1
BRF:2
BRH:2
end_of_record
TN:
SF:/Users/marcoscabbiolo/Proyects/yeoman/yo/lib/routes/update.js
FN:9,updateSuccess
FN:18,updateGenerators
FN:30,(anonymous_3)
FNF:3
FNH:0
FNDA:0,updateSuccess
FNDA:0,updateGenerators
FNDA:0,(anonymous_3)
DA:2,1
DA:3,1
DA:4,1
DA:6,1
DA:9,1
DA:10,0
DA:11,0
DA:12,0
DA:13,0
DA:14,0
DA:18,1
DA:19,0
DA:23,1
DA:24,0
DA:26,0
DA:31,0
DA:34,0
DA:40,0
LF:18
LH:7
BRDA:31,1,0,0
BRDA:31,1,1,0
BRDA:33,2,0,0
BRDA:33,2,1,0
BRF:4
BRH:0
end_of_record
TN:
SF:/Users/marcoscabbiolo/Proyects/yeoman/yo/lib/utils/global-config.js
FN:9,write
FN:18,getAll
FN:30,remove
FN:43,removeAll
FN:51,hasContent
FNF:5
FNH:0
FNDA:0,write
FNDA:0,getAll
FNDA:0,remove
FNDA:0,removeAll
FNDA:0,hasContent
DA:2,1
DA:3,1
DA:4,1
DA:7,1
DA:9,1
DA:10,0
DA:11,0
DA:18,1
DA:19,0
DA:20,0
DA:23,0
DA:30,1
DA:31,0
DA:32,0
DA:35,0
DA:36,0
DA:37,0
DA:43,1
DA:44,0
DA:51,1
DA:52,0
DA:55,1
LF:22
LH:10
BRDA:19,1,0,0
BRDA:19,1,1,0
BRDA:31,2,0,0
BRDA:31,2,1,0
BRF:4
BRH:0
end_of_record
